2021-05-27 07:33:41 [main] INFO  c.example.demo.CourseworkApplication - Starting CourseworkApplication using Java 1.8.0_281 on DESKTOP-KF1OR5V with PID 16784 (C:\Users\bidok\Dropbox\Google Диск\PZKS\2 course\Coursework\target\classes started by bidok in C:\Users\bidok\Dropbox\Google Диск\PZKS\2 course\Coursework)
2021-05-27 07:33:41 [main] INFO  c.example.demo.CourseworkApplication - No active profile set, falling back to default profiles: default
2021-05-27 07:33:53 [main] INFO  o.s.d.r.c.RepositoryConfigurationDelegate - Bootstrapping Spring Data MongoDB repositories in DEFAULT mode.
2021-05-27 07:33:53 [main] INFO  o.s.d.r.c.RepositoryConfigurationDelegate - Finished Spring Data repository scanning in 119 ms. Found 18 MongoDB repository interfaces.
2021-05-27 07:33:53 [main] INFO  o.s.c.s.PostProcessorRegistrationDelegate$BeanPostProcessorChecker - Bean 'org.springframework.security.access.expression.method.DefaultMethodSecurityExpressionHandler@387bf2d9' of type [org.springframework.security.access.expression.method.DefaultMethodSecurityExpressionHandler] is not eligible for getting processed by all BeanPostProcessors (for example: not eligible for auto-proxying)
2021-05-27 07:33:53 [main] INFO  o.s.c.s.PostProcessorRegistrationDelegate$BeanPostProcessorChecker - Bean 'methodSecurityMetadataSource' of type [org.springframework.security.access.method.DelegatingMethodSecurityMetadataSource] is not eligible for getting processed by all BeanPostProcessors (for example: not eligible for auto-proxying)
2021-05-27 07:33:53 [main] INFO  o.s.b.w.e.tomcat.TomcatWebServer - Tomcat initialized with port(s): 8080 (http)
2021-05-27 07:33:53 [main] INFO  o.a.catalina.core.StandardService - Starting service [Tomcat]
2021-05-27 07:33:53 [main] INFO  o.a.catalina.core.StandardEngine - Starting Servlet engine: [Apache Tomcat/9.0.41]
2021-05-27 07:33:53 [main] INFO  o.a.c.c.C.[Tomcat].[localhost].[/] - Initializing Spring embedded WebApplicationContext
2021-05-27 07:33:53 [main] INFO  o.s.b.w.s.c.ServletWebServerApplicationContext - Root WebApplicationContext: initialization completed in 11904 ms
2021-05-27 07:33:53 [main] INFO  org.mongodb.driver.cluster - Cluster created with settings {hosts=[127.0.0.1:27017], srvHost=coursework.kuhsy.mongodb.net, mode=MULTIPLE, requiredClusterType=REPLICA_SET, serverSelectionTimeout='30000 ms', requiredReplicaSetName='atlas-ur3ze2-shard-0'}
2021-05-27 07:33:54 [cluster-ClusterId{value='60af2131f904da6cb6a3f41b', description='null'}-srv-coursework.kuhsy.mongodb.net] INFO  org.mongodb.driver.cluster - Adding discovered server coursework-shard-00-01.kuhsy.mongodb.net:27017 to client view of cluster
2021-05-27 07:33:54 [cluster-ClusterId{value='60af2131f904da6cb6a3f41b', description='null'}-srv-coursework.kuhsy.mongodb.net] INFO  org.mongodb.driver.cluster - Adding discovered server coursework-shard-00-02.kuhsy.mongodb.net:27017 to client view of cluster
2021-05-27 07:33:54 [cluster-ClusterId{value='60af2131f904da6cb6a3f41b', description='null'}-srv-coursework.kuhsy.mongodb.net] INFO  org.mongodb.driver.cluster - Adding discovered server coursework-shard-00-00.kuhsy.mongodb.net:27017 to client view of cluster
2021-05-27 07:33:54 [main] INFO  c.e.d.s.d.i.DispatchServiceSalaryForDayServiceImpl - method get all was called
2021-05-27 07:33:54 [main] INFO  org.mongodb.driver.cluster - No server chosen by com.mongodb.client.internal.MongoClientDelegate$1@32118208 from cluster description ClusterDescription{type=REPLICA_SET, connectionMode=MULTIPLE, serverDescriptions=[ServerDescription{address=coursework-shard-00-01.kuhsy.mongodb.net:27017, type=UNKNOWN, state=CONNECTING}, ServerDescription{address=coursework-shard-00-00.kuhsy.mongodb.net:27017, type=UNKNOWN, state=CONNECTING}, ServerDescription{address=coursework-shard-00-02.kuhsy.mongodb.net:27017, type=UNKNOWN, state=CONNECTING}]}. Waiting for 30000 ms before timing out
2021-05-27 07:33:55 [cluster-ClusterId{value='60af2131f904da6cb6a3f41b', description='null'}-coursework-shard-00-01.kuhsy.mongodb.net:27017] INFO  org.mongodb.driver.connection - Opened connection [connectionId{localValue:5, serverValue:12295}] to coursework-shard-00-01.kuhsy.mongodb.net:27017
2021-05-27 07:33:55 [cluster-rtt-ClusterId{value='60af2131f904da6cb6a3f41b', description='null'}-coursework-shard-00-01.kuhsy.mongodb.net:27017] INFO  org.mongodb.driver.connection - Opened connection [connectionId{localValue:6, serverValue:12001}] to coursework-shard-00-01.kuhsy.mongodb.net:27017
2021-05-27 07:33:55 [cluster-ClusterId{value='60af2131f904da6cb6a3f41b', description='null'}-coursework-shard-00-01.kuhsy.mongodb.net:27017] INFO  org.mongodb.driver.cluster - Monitor thread successfully connected to server with description ServerDescription{address=coursework-shard-00-01.kuhsy.mongodb.net:27017, type=REPLICA_SET_PRIMARY, state=CONNECTED, ok=true, minWireVersion=0, maxWireVersion=9, maxDocumentSize=16777216, logicalSessionTimeoutMinutes=30, roundTripTimeNanos=285695700, setName='atlas-ur3ze2-shard-0', canonicalAddress=coursework-shard-00-01.kuhsy.mongodb.net:27017, hosts=[coursework-shard-00-00.kuhsy.mongodb.net:27017, coursework-shard-00-01.kuhsy.mongodb.net:27017, coursework-shard-00-02.kuhsy.mongodb.net:27017], passives=[], arbiters=[], primary='coursework-shard-00-01.kuhsy.mongodb.net:27017', tagSet=TagSet{[Tag{name='nodeType', value='ELECTABLE'}, Tag{name='provider', value='AWS'}, Tag{name='region', value='EU_CENTRAL_1'}, Tag{name='workloadType', value='OPERATIONAL'}]}, electionId=7fffffff0000000000000015, setVersion=1, topologyVersion=TopologyVersion{processId=60ae80cb0ec3f022d59a5fdd, counter=6}, lastWriteDate=Thu May 27 07:33:56 EEST 2021, lastUpdateTimeNanos=171016084288700}
2021-05-27 07:33:55 [cluster-ClusterId{value='60af2131f904da6cb6a3f41b', description='null'}-coursework-shard-00-01.kuhsy.mongodb.net:27017] INFO  org.mongodb.driver.cluster - Setting max election id to 7fffffff0000000000000015 from replica set primary coursework-shard-00-01.kuhsy.mongodb.net:27017
2021-05-27 07:33:55 [cluster-ClusterId{value='60af2131f904da6cb6a3f41b', description='null'}-coursework-shard-00-01.kuhsy.mongodb.net:27017] INFO  org.mongodb.driver.cluster - Setting max set version to 1 from replica set primary coursework-shard-00-01.kuhsy.mongodb.net:27017
2021-05-27 07:33:55 [cluster-ClusterId{value='60af2131f904da6cb6a3f41b', description='null'}-coursework-shard-00-01.kuhsy.mongodb.net:27017] INFO  org.mongodb.driver.cluster - Discovered replica set primary coursework-shard-00-01.kuhsy.mongodb.net:27017
2021-05-27 07:33:55 [cluster-ClusterId{value='60af2131f904da6cb6a3f41b', description='null'}-coursework-shard-00-00.kuhsy.mongodb.net:27017] INFO  org.mongodb.driver.connection - Opened connection [connectionId{localValue:4, serverValue:10780}] to coursework-shard-00-00.kuhsy.mongodb.net:27017
2021-05-27 07:33:55 [cluster-ClusterId{value='60af2131f904da6cb6a3f41b', description='null'}-coursework-shard-00-00.kuhsy.mongodb.net:27017] INFO  org.mongodb.driver.cluster - Monitor thread successfully connected to server with description ServerDescription{address=coursework-shard-00-00.kuhsy.mongodb.net:27017, type=REPLICA_SET_SECONDARY, state=CONNECTED, ok=true, minWireVersion=0, maxWireVersion=9, maxDocumentSize=16777216, logicalSessionTimeoutMinutes=30, roundTripTimeNanos=140205600, setName='atlas-ur3ze2-shard-0', canonicalAddress=coursework-shard-00-00.kuhsy.mongodb.net:27017, hosts=[coursework-shard-00-00.kuhsy.mongodb.net:27017, coursework-shard-00-01.kuhsy.mongodb.net:27017, coursework-shard-00-02.kuhsy.mongodb.net:27017], passives=[], arbiters=[], primary='coursework-shard-00-01.kuhsy.mongodb.net:27017', tagSet=TagSet{[Tag{name='nodeType', value='ELECTABLE'}, Tag{name='provider', value='AWS'}, Tag{name='region', value='EU_CENTRAL_1'}, Tag{name='workloadType', value='OPERATIONAL'}]}, electionId=null, setVersion=1, topologyVersion=TopologyVersion{processId=60ae7fe1f701698f433cfe3b, counter=4}, lastWriteDate=Thu May 27 07:33:56 EEST 2021, lastUpdateTimeNanos=171016126565000}
2021-05-27 07:33:55 [cluster-rtt-ClusterId{value='60af2131f904da6cb6a3f41b', description='null'}-coursework-shard-00-00.kuhsy.mongodb.net:27017] INFO  org.mongodb.driver.connection - Opened connection [connectionId{localValue:1, serverValue:10780}] to coursework-shard-00-00.kuhsy.mongodb.net:27017
2021-05-27 07:33:55 [main] INFO  org.mongodb.driver.connection - Opened connection [connectionId{localValue:7, serverValue:12403}] to coursework-shard-00-01.kuhsy.mongodb.net:27017
2021-05-27 07:33:55 [cluster-rtt-ClusterId{value='60af2131f904da6cb6a3f41b', description='null'}-coursework-shard-00-02.kuhsy.mongodb.net:27017] INFO  org.mongodb.driver.connection - Opened connection [connectionId{localValue:2, serverValue:10510}] to coursework-shard-00-02.kuhsy.mongodb.net:27017
2021-05-27 07:33:55 [cluster-ClusterId{value='60af2131f904da6cb6a3f41b', description='null'}-coursework-shard-00-02.kuhsy.mongodb.net:27017] INFO  org.mongodb.driver.connection - Opened connection [connectionId{localValue:3, serverValue:10510}] to coursework-shard-00-02.kuhsy.mongodb.net:27017
2021-05-27 07:33:55 [cluster-ClusterId{value='60af2131f904da6cb6a3f41b', description='null'}-coursework-shard-00-02.kuhsy.mongodb.net:27017] INFO  org.mongodb.driver.cluster - Monitor thread successfully connected to server with description ServerDescription{address=coursework-shard-00-02.kuhsy.mongodb.net:27017, type=REPLICA_SET_SECONDARY, state=CONNECTED, ok=true, minWireVersion=0, maxWireVersion=9, maxDocumentSize=16777216, logicalSessionTimeoutMinutes=30, roundTripTimeNanos=140733800, setName='atlas-ur3ze2-shard-0', canonicalAddress=coursework-shard-00-02.kuhsy.mongodb.net:27017, hosts=[coursework-shard-00-00.kuhsy.mongodb.net:27017, coursework-shard-00-01.kuhsy.mongodb.net:27017, coursework-shard-00-02.kuhsy.mongodb.net:27017], passives=[], arbiters=[], primary='coursework-shard-00-01.kuhsy.mongodb.net:27017', tagSet=TagSet{[Tag{name='nodeType', value='ELECTABLE'}, Tag{name='provider', value='AWS'}, Tag{name='region', value='EU_CENTRAL_1'}, Tag{name='workloadType', value='OPERATIONAL'}]}, electionId=null, setVersion=1, topologyVersion=TopologyVersion{processId=60ae819b2ab5b67af7f2bb10, counter=3}, lastWriteDate=Thu May 27 07:33:56 EEST 2021, lastUpdateTimeNanos=171016388869400}
2021-05-27 07:33:55 [main] INFO  c.e.d.s.d.i.DispatchServiceSalaryForDayServiceImpl - method save was called 
2021-05-27 07:33:55 [main] INFO  c.e.d.s.d.i.DispatchServiceSalaryForDayServiceImpl - method get all was called
2021-05-27 07:33:55 [main] INFO  c.e.d.s.d.i.DispatchServiceSalaryForDayServiceImpl - object was created
2021-05-27 07:33:56 [main] INFO  s.d.s.w.PropertySourcedRequestMappingHandlerMapping - Mapped URL path [/v2/api-docs] onto method [springfox.documentation.swagger2.web.Swagger2Controller#getDocumentation(String, HttpServletRequest)]
2021-05-27 07:33:56 [main] INFO  o.s.s.web.DefaultSecurityFilterChain - Will secure any request with [org.springframework.security.web.context.request.async.WebAsyncManagerIntegrationFilter@11e71181, org.springframework.security.web.context.SecurityContextPersistenceFilter@9408857, org.springframework.security.web.header.HeaderWriterFilter@3711c71c, org.springframework.security.web.authentication.logout.LogoutFilter@77324a58, org.springframework.security.web.authentication.UsernamePasswordAuthenticationFilter@774d8276, org.springframework.security.web.authentication.www.BasicAuthenticationFilter@4f811029, org.springframework.security.web.savedrequest.RequestCacheAwareFilter@2f09e6b2, org.springframework.security.web.servletapi.SecurityContextHolderAwareRequestFilter@7dbae40, org.springframework.security.web.authentication.AnonymousAuthenticationFilter@342beaf6, org.springframework.security.web.session.SessionManagementFilter@646d810b, org.springframework.security.web.access.ExceptionTranslationFilter@6af87130, org.springframework.security.web.access.intercept.FilterSecurityInterceptor@48f2054d]
2021-05-27 07:33:56 [main] INFO  o.s.s.c.ThreadPoolTaskExecutor - Initializing ExecutorService 'applicationTaskExecutor'
2021-05-27 07:33:56 [main] INFO  o.s.b.a.w.s.WelcomePageHandlerMapping - Adding welcome page: class path resource [static/index.html]
2021-05-27 07:33:56 [main] INFO  o.s.s.c.ThreadPoolTaskScheduler - Initializing ExecutorService 'taskScheduler'
2021-05-27 07:33:56 [main] INFO  o.s.b.w.e.tomcat.TomcatWebServer - Tomcat started on port(s): 8080 (http) with context path ''
2021-05-27 07:33:56 [main] INFO  s.d.s.w.p.DocumentationPluginsBootstrapper - Context refreshed
2021-05-27 07:33:56 [main] INFO  s.d.s.w.p.DocumentationPluginsBootstrapper - Found 1 custom documentation plugin(s)
2021-05-27 07:33:56 [main] INFO  s.d.s.w.s.ApiListingReferenceScanner - Scanning for api listing references
2021-05-27 07:33:56 [main] INFO  s.d.s.w.r.o.CachingOperationNameGenerator - Generating unique operation named: deleteUsingGET_1
2021-05-27 07:33:57 [main] INFO  s.d.s.w.r.o.CachingOperationNameGenerator - Generating unique operation named: getAllUsingGET_1
2021-05-27 07:33:57 [main] INFO  s.d.s.w.r.o.CachingOperationNameGenerator - Generating unique operation named: getByIdUsingGET_1
2021-05-27 07:33:57 [main] INFO  s.d.s.w.r.o.CachingOperationNameGenerator - Generating unique operation named: saveUsingPOST_1
2021-05-27 07:33:57 [main] INFO  s.d.s.w.r.o.CachingOperationNameGenerator - Generating unique operation named: deleteUsingGET_2
2021-05-27 07:33:57 [main] INFO  s.d.s.w.r.o.CachingOperationNameGenerator - Generating unique operation named: getAllUsingGET_2
2021-05-27 07:33:57 [main] INFO  s.d.s.w.r.o.CachingOperationNameGenerator - Generating unique operation named: getByIdUsingGET_2
2021-05-27 07:33:57 [main] INFO  s.d.s.w.r.o.CachingOperationNameGenerator - Generating unique operation named: saveUsingPOST_2
2021-05-27 07:33:57 [main] INFO  s.d.s.w.r.o.CachingOperationNameGenerator - Generating unique operation named: deleteUsingGET_3
2021-05-27 07:33:57 [main] INFO  s.d.s.w.r.o.CachingOperationNameGenerator - Generating unique operation named: getAllUsingGET_3
2021-05-27 07:33:57 [main] INFO  s.d.s.w.r.o.CachingOperationNameGenerator - Generating unique operation named: getByIdUsingGET_3
2021-05-27 07:33:57 [main] INFO  s.d.s.w.r.o.CachingOperationNameGenerator - Generating unique operation named: saveUsingPOST_3
2021-05-27 07:33:57 [main] INFO  s.d.s.w.r.o.CachingOperationNameGenerator - Generating unique operation named: deleteUsingGET_4
2021-05-27 07:33:57 [main] INFO  s.d.s.w.r.o.CachingOperationNameGenerator - Generating unique operation named: getAllUsingGET_4
2021-05-27 07:33:57 [main] INFO  s.d.s.w.r.o.CachingOperationNameGenerator - Generating unique operation named: getByIdUsingGET_4
2021-05-27 07:33:57 [main] INFO  s.d.s.w.r.o.CachingOperationNameGenerator - Generating unique operation named: saveUsingPOST_4
2021-05-27 07:33:57 [main] INFO  s.d.s.w.r.o.CachingOperationNameGenerator - Generating unique operation named: deleteUsingGET_5
2021-05-27 07:33:57 [main] INFO  s.d.s.w.r.o.CachingOperationNameGenerator - Generating unique operation named: getAllUsingGET_5
2021-05-27 07:33:57 [main] INFO  s.d.s.w.r.o.CachingOperationNameGenerator - Generating unique operation named: getByIdUsingGET_5
2021-05-27 07:33:57 [main] INFO  s.d.s.w.r.o.CachingOperationNameGenerator - Generating unique operation named: saveUsingPOST_5
2021-05-27 07:33:57 [main] INFO  s.d.s.w.r.o.CachingOperationNameGenerator - Generating unique operation named: deleteUsingGET_6
2021-05-27 07:33:57 [main] INFO  s.d.s.w.r.o.CachingOperationNameGenerator - Generating unique operation named: getByIdUsingGET_6
2021-05-27 07:33:57 [main] INFO  s.d.s.w.r.o.CachingOperationNameGenerator - Generating unique operation named: deleteUsingGET_7
2021-05-27 07:33:57 [main] INFO  s.d.s.w.r.o.CachingOperationNameGenerator - Generating unique operation named: getAllUsingGET_6
2021-05-27 07:33:57 [main] INFO  s.d.s.w.r.o.CachingOperationNameGenerator - Generating unique operation named: getByIdUsingGET_7
2021-05-27 07:33:57 [main] INFO  s.d.s.w.r.o.CachingOperationNameGenerator - Generating unique operation named: saveUsingPOST_6
2021-05-27 07:33:57 [main] INFO  s.d.s.w.r.o.CachingOperationNameGenerator - Generating unique operation named: deleteUsingGET_8
2021-05-27 07:33:57 [main] INFO  s.d.s.w.r.o.CachingOperationNameGenerator - Generating unique operation named: getAllUsingGET_7
2021-05-27 07:33:57 [main] INFO  s.d.s.w.r.o.CachingOperationNameGenerator - Generating unique operation named: getByIdUsingGET_8
2021-05-27 07:33:57 [main] INFO  s.d.s.w.r.o.CachingOperationNameGenerator - Generating unique operation named: saveUsingPOST_7
2021-05-27 07:33:57 [main] INFO  s.d.s.w.r.o.CachingOperationNameGenerator - Generating unique operation named: deleteUsingGET_9
2021-05-27 07:33:57 [main] INFO  s.d.s.w.r.o.CachingOperationNameGenerator - Generating unique operation named: getAllUsingGET_8
2021-05-27 07:33:57 [main] INFO  s.d.s.w.r.o.CachingOperationNameGenerator - Generating unique operation named: getByIdUsingGET_9
2021-05-27 07:33:57 [main] INFO  s.d.s.w.r.o.CachingOperationNameGenerator - Generating unique operation named: saveUsingPOST_8
2021-05-27 07:33:57 [main] INFO  s.d.s.w.r.o.CachingOperationNameGenerator - Generating unique operation named: deleteUsingGET_10
2021-05-27 07:33:57 [main] INFO  s.d.s.w.r.o.CachingOperationNameGenerator - Generating unique operation named: getAllUsingGET_9
2021-05-27 07:33:57 [main] INFO  s.d.s.w.r.o.CachingOperationNameGenerator - Generating unique operation named: getByIdUsingGET_10
2021-05-27 07:33:57 [main] INFO  s.d.s.w.r.o.CachingOperationNameGenerator - Generating unique operation named: saveUsingPOST_9
2021-05-27 07:33:57 [main] INFO  s.d.s.w.r.o.CachingOperationNameGenerator - Generating unique operation named: deleteUsingGET_11
2021-05-27 07:33:57 [main] INFO  s.d.s.w.r.o.CachingOperationNameGenerator - Generating unique operation named: getAllUsingGET_10
2021-05-27 07:33:57 [main] INFO  s.d.s.w.r.o.CachingOperationNameGenerator - Generating unique operation named: getByIdUsingGET_11
2021-05-27 07:33:57 [main] INFO  s.d.s.w.r.o.CachingOperationNameGenerator - Generating unique operation named: saveUsingPOST_10
2021-05-27 07:33:57 [main] INFO  s.d.s.w.r.o.CachingOperationNameGenerator - Generating unique operation named: deleteUsingGET_12
2021-05-27 07:33:57 [main] INFO  s.d.s.w.r.o.CachingOperationNameGenerator - Generating unique operation named: getAllUsingGET_11
2021-05-27 07:33:57 [main] INFO  s.d.s.w.r.o.CachingOperationNameGenerator - Generating unique operation named: getByIdUsingGET_12
2021-05-27 07:33:57 [main] INFO  s.d.s.w.r.o.CachingOperationNameGenerator - Generating unique operation named: saveUsingPOST_11
2021-05-27 07:33:57 [main] INFO  s.d.s.w.r.o.CachingOperationNameGenerator - Generating unique operation named: deleteUsingGET_13
2021-05-27 07:33:57 [main] INFO  s.d.s.w.r.o.CachingOperationNameGenerator - Generating unique operation named: getAllUsingGET_12
2021-05-27 07:33:57 [main] INFO  s.d.s.w.r.o.CachingOperationNameGenerator - Generating unique operation named: getByIdUsingGET_13
2021-05-27 07:33:57 [main] INFO  s.d.s.w.r.o.CachingOperationNameGenerator - Generating unique operation named: saveUsingPOST_12
2021-05-27 07:33:57 [main] INFO  s.d.s.w.r.o.CachingOperationNameGenerator - Generating unique operation named: createUsingPOST_1
2021-05-27 07:33:57 [main] INFO  s.d.s.w.r.o.CachingOperationNameGenerator - Generating unique operation named: deleteUsingGET_14
2021-05-27 07:33:57 [main] INFO  s.d.s.w.r.o.CachingOperationNameGenerator - Generating unique operation named: getByIdUsingGET_14
2021-05-27 07:33:57 [main] INFO  s.d.s.w.r.o.CachingOperationNameGenerator - Generating unique operation named: getServicesUsingGET_1
2021-05-27 07:33:57 [main] INFO  s.d.s.w.r.o.CachingOperationNameGenerator - Generating unique operation named: updateUsingPOST_1
2021-05-27 07:33:57 [main] INFO  s.d.s.w.r.o.CachingOperationNameGenerator - Generating unique operation named: deleteUsingGET_15
2021-05-27 07:33:57 [main] INFO  s.d.s.w.r.o.CachingOperationNameGenerator - Generating unique operation named: getAllUsingGET_13
2021-05-27 07:33:57 [main] INFO  s.d.s.w.r.o.CachingOperationNameGenerator - Generating unique operation named: getByIdUsingGET_15
2021-05-27 07:33:57 [main] INFO  s.d.s.w.r.o.CachingOperationNameGenerator - Generating unique operation named: saveUsingPOST_13
2021-05-27 07:33:57 [main] INFO  s.d.s.w.r.o.CachingOperationNameGenerator - Generating unique operation named: deleteUsingGET_16
2021-05-27 07:33:57 [main] INFO  s.d.s.w.r.o.CachingOperationNameGenerator - Generating unique operation named: getAllUsingGET_14
2021-05-27 07:33:57 [main] INFO  s.d.s.w.r.o.CachingOperationNameGenerator - Generating unique operation named: getByIdUsingGET_16
2021-05-27 07:33:57 [main] INFO  s.d.s.w.r.o.CachingOperationNameGenerator - Generating unique operation named: saveUsingPOST_14
2021-05-27 07:33:57 [main] INFO  c.example.demo.CourseworkApplication - Started CourseworkApplication in 15.763 seconds (JVM running for 18.539)
2021-05-27 07:34:00 [scheduling-1] INFO  c.e.d.s.d.i.DriverTimeTableServiceImpl - method get all was called
2021-05-27 07:34:50 [scheduling-1] INFO  c.e.d.s.d.i.DriverTimeTableServiceImpl - method get all was called
2021-05-27 07:35:00 [scheduling-1] INFO  c.e.d.s.d.i.DriverTimeTableServiceImpl - method get all was called
2021-05-27 07:35:17 [main] INFO  c.example.demo.CourseworkApplication - Starting CourseworkApplication using Java 1.8.0_281 on DESKTOP-KF1OR5V with PID 9364 (C:\Users\bidok\Dropbox\Google Диск\PZKS\2 course\Coursework\target\classes started by bidok in C:\Users\bidok\Dropbox\Google Диск\PZKS\2 course\Coursework)
2021-05-27 07:35:17 [main] INFO  c.example.demo.CourseworkApplication - No active profile set, falling back to default profiles: default
2021-05-27 07:35:18 [main] INFO  o.s.d.r.c.RepositoryConfigurationDelegate - Bootstrapping Spring Data MongoDB repositories in DEFAULT mode.
2021-05-27 07:35:18 [main] INFO  o.s.d.r.c.RepositoryConfigurationDelegate - Finished Spring Data repository scanning in 115 ms. Found 18 MongoDB repository interfaces.
2021-05-27 07:35:18 [main] INFO  o.s.c.s.PostProcessorRegistrationDelegate$BeanPostProcessorChecker - Bean 'org.springframework.security.access.expression.method.DefaultMethodSecurityExpressionHandler@5acc9fdf' of type [org.springframework.security.access.expression.method.DefaultMethodSecurityExpressionHandler] is not eligible for getting processed by all BeanPostProcessors (for example: not eligible for auto-proxying)
2021-05-27 07:35:18 [main] INFO  o.s.c.s.PostProcessorRegistrationDelegate$BeanPostProcessorChecker - Bean 'methodSecurityMetadataSource' of type [org.springframework.security.access.method.DelegatingMethodSecurityMetadataSource] is not eligible for getting processed by all BeanPostProcessors (for example: not eligible for auto-proxying)
2021-05-27 07:35:18 [main] INFO  o.s.b.w.e.tomcat.TomcatWebServer - Tomcat initialized with port(s): 8080 (http)
2021-05-27 07:35:18 [main] INFO  o.a.catalina.core.StandardService - Starting service [Tomcat]
2021-05-27 07:35:18 [main] INFO  o.a.catalina.core.StandardEngine - Starting Servlet engine: [Apache Tomcat/9.0.41]
2021-05-27 07:35:18 [main] INFO  o.a.c.c.C.[Tomcat].[localhost].[/] - Initializing Spring embedded WebApplicationContext
2021-05-27 07:35:18 [main] INFO  o.s.b.w.s.c.ServletWebServerApplicationContext - Root WebApplicationContext: initialization completed in 1411 ms
2021-05-27 07:35:19 [main] INFO  org.mongodb.driver.cluster - Cluster created with settings {hosts=[127.0.0.1:27017], srvHost=coursework.kuhsy.mongodb.net, mode=MULTIPLE, requiredClusterType=REPLICA_SET, serverSelectionTimeout='30000 ms', requiredReplicaSetName='atlas-ur3ze2-shard-0'}
2021-05-27 07:35:19 [cluster-ClusterId{value='60af21876e396e64e2822359', description='null'}-srv-coursework.kuhsy.mongodb.net] INFO  org.mongodb.driver.cluster - Adding discovered server coursework-shard-00-01.kuhsy.mongodb.net:27017 to client view of cluster
2021-05-27 07:35:19 [cluster-ClusterId{value='60af21876e396e64e2822359', description='null'}-srv-coursework.kuhsy.mongodb.net] INFO  org.mongodb.driver.cluster - Adding discovered server coursework-shard-00-02.kuhsy.mongodb.net:27017 to client view of cluster
2021-05-27 07:35:19 [cluster-ClusterId{value='60af21876e396e64e2822359', description='null'}-srv-coursework.kuhsy.mongodb.net] INFO  org.mongodb.driver.cluster - Adding discovered server coursework-shard-00-00.kuhsy.mongodb.net:27017 to client view of cluster
2021-05-27 07:35:19 [cluster-ClusterId{value='60af21876e396e64e2822359', description='null'}-coursework-shard-00-01.kuhsy.mongodb.net:27017] INFO  org.mongodb.driver.connection - Opened connection [connectionId{localValue:2, serverValue:12296}] to coursework-shard-00-01.kuhsy.mongodb.net:27017
2021-05-27 07:35:19 [cluster-rtt-ClusterId{value='60af21876e396e64e2822359', description='null'}-coursework-shard-00-01.kuhsy.mongodb.net:27017] INFO  org.mongodb.driver.connection - Opened connection [connectionId{localValue:6, serverValue:12299}] to coursework-shard-00-01.kuhsy.mongodb.net:27017
2021-05-27 07:35:19 [cluster-rtt-ClusterId{value='60af21876e396e64e2822359', description='null'}-coursework-shard-00-02.kuhsy.mongodb.net:27017] INFO  org.mongodb.driver.connection - Opened connection [connectionId{localValue:3, serverValue:10696}] to coursework-shard-00-02.kuhsy.mongodb.net:27017
2021-05-27 07:35:19 [cluster-rtt-ClusterId{value='60af21876e396e64e2822359', description='null'}-coursework-shard-00-00.kuhsy.mongodb.net:27017] INFO  org.mongodb.driver.connection - Opened connection [connectionId{localValue:4, serverValue:10670}] to coursework-shard-00-00.kuhsy.mongodb.net:27017
2021-05-27 07:35:19 [cluster-ClusterId{value='60af21876e396e64e2822359', description='null'}-coursework-shard-00-02.kuhsy.mongodb.net:27017] INFO  org.mongodb.driver.connection - Opened connection [connectionId{localValue:5, serverValue:10696}] to coursework-shard-00-02.kuhsy.mongodb.net:27017
2021-05-27 07:35:19 [cluster-ClusterId{value='60af21876e396e64e2822359', description='null'}-coursework-shard-00-00.kuhsy.mongodb.net:27017] INFO  org.mongodb.driver.connection - Opened connection [connectionId{localValue:1, serverValue:10670}] to coursework-shard-00-00.kuhsy.mongodb.net:27017
2021-05-27 07:35:19 [cluster-ClusterId{value='60af21876e396e64e2822359', description='null'}-coursework-shard-00-01.kuhsy.mongodb.net:27017] INFO  org.mongodb.driver.cluster - Monitor thread successfully connected to server with description ServerDescription{address=coursework-shard-00-01.kuhsy.mongodb.net:27017, type=REPLICA_SET_PRIMARY, state=CONNECTED, ok=true, minWireVersion=0, maxWireVersion=9, maxDocumentSize=16777216, logicalSessionTimeoutMinutes=30, roundTripTimeNanos=227763000, setName='atlas-ur3ze2-shard-0', canonicalAddress=coursework-shard-00-01.kuhsy.mongodb.net:27017, hosts=[coursework-shard-00-00.kuhsy.mongodb.net:27017, coursework-shard-00-01.kuhsy.mongodb.net:27017, coursework-shard-00-02.kuhsy.mongodb.net:27017], passives=[], arbiters=[], primary='coursework-shard-00-01.kuhsy.mongodb.net:27017', tagSet=TagSet{[Tag{name='nodeType', value='ELECTABLE'}, Tag{name='provider', value='AWS'}, Tag{name='region', value='EU_CENTRAL_1'}, Tag{name='workloadType', value='OPERATIONAL'}]}, electionId=7fffffff0000000000000015, setVersion=1, topologyVersion=TopologyVersion{processId=60ae80cb0ec3f022d59a5fdd, counter=6}, lastWriteDate=Thu May 27 07:35:20 EEST 2021, lastUpdateTimeNanos=171100754169300}
2021-05-27 07:35:19 [cluster-ClusterId{value='60af21876e396e64e2822359', description='null'}-coursework-shard-00-00.kuhsy.mongodb.net:27017] INFO  org.mongodb.driver.cluster - Monitor thread successfully connected to server with description ServerDescription{address=coursework-shard-00-00.kuhsy.mongodb.net:27017, type=REPLICA_SET_SECONDARY, state=CONNECTED, ok=true, minWireVersion=0, maxWireVersion=9, maxDocumentSize=16777216, logicalSessionTimeoutMinutes=30, roundTripTimeNanos=227785000, setName='atlas-ur3ze2-shard-0', canonicalAddress=coursework-shard-00-00.kuhsy.mongodb.net:27017, hosts=[coursework-shard-00-00.kuhsy.mongodb.net:27017, coursework-shard-00-01.kuhsy.mongodb.net:27017, coursework-shard-00-02.kuhsy.mongodb.net:27017], passives=[], arbiters=[], primary='coursework-shard-00-01.kuhsy.mongodb.net:27017', tagSet=TagSet{[Tag{name='nodeType', value='ELECTABLE'}, Tag{name='provider', value='AWS'}, Tag{name='region', value='EU_CENTRAL_1'}, Tag{name='workloadType', value='OPERATIONAL'}]}, electionId=null, setVersion=1, topologyVersion=TopologyVersion{processId=60ae7fe1f701698f433cfe3b, counter=4}, lastWriteDate=Thu May 27 07:35:20 EEST 2021, lastUpdateTimeNanos=171100754169300}
2021-05-27 07:35:19 [cluster-ClusterId{value='60af21876e396e64e2822359', description='null'}-coursework-shard-00-02.kuhsy.mongodb.net:27017] INFO  org.mongodb.driver.cluster - Monitor thread successfully connected to server with description ServerDescription{address=coursework-shard-00-02.kuhsy.mongodb.net:27017, type=REPLICA_SET_SECONDARY, state=CONNECTED, ok=true, minWireVersion=0, maxWireVersion=9, maxDocumentSize=16777216, logicalSessionTimeoutMinutes=30, roundTripTimeNanos=227746700, setName='atlas-ur3ze2-shard-0', canonicalAddress=coursework-shard-00-02.kuhsy.mongodb.net:27017, hosts=[coursework-shard-00-00.kuhsy.mongodb.net:27017, coursework-shard-00-01.kuhsy.mongodb.net:27017, coursework-shard-00-02.kuhsy.mongodb.net:27017], passives=[], arbiters=[], primary='coursework-shard-00-01.kuhsy.mongodb.net:27017', tagSet=TagSet{[Tag{name='nodeType', value='ELECTABLE'}, Tag{name='provider', value='AWS'}, Tag{name='region', value='EU_CENTRAL_1'}, Tag{name='workloadType', value='OPERATIONAL'}]}, electionId=null, setVersion=1, topologyVersion=TopologyVersion{processId=60ae819b2ab5b67af7f2bb10, counter=3}, lastWriteDate=Thu May 27 07:35:20 EEST 2021, lastUpdateTimeNanos=171100754172900}
2021-05-27 07:35:19 [cluster-ClusterId{value='60af21876e396e64e2822359', description='null'}-coursework-shard-00-01.kuhsy.mongodb.net:27017] INFO  org.mongodb.driver.cluster - Setting max election id to 7fffffff0000000000000015 from replica set primary coursework-shard-00-01.kuhsy.mongodb.net:27017
2021-05-27 07:35:19 [cluster-ClusterId{value='60af21876e396e64e2822359', description='null'}-coursework-shard-00-01.kuhsy.mongodb.net:27017] INFO  org.mongodb.driver.cluster - Setting max set version to 1 from replica set primary coursework-shard-00-01.kuhsy.mongodb.net:27017
2021-05-27 07:35:19 [cluster-ClusterId{value='60af21876e396e64e2822359', description='null'}-coursework-shard-00-01.kuhsy.mongodb.net:27017] INFO  org.mongodb.driver.cluster - Discovered replica set primary coursework-shard-00-01.kuhsy.mongodb.net:27017
2021-05-27 07:35:20 [main] INFO  s.d.s.w.PropertySourcedRequestMappingHandlerMapping - Mapped URL path [/v2/api-docs] onto method [springfox.documentation.swagger2.web.Swagger2Controller#getDocumentation(String, HttpServletRequest)]
2021-05-27 07:35:20 [main] INFO  o.s.s.web.DefaultSecurityFilterChain - Will secure any request with [org.springframework.security.web.context.request.async.WebAsyncManagerIntegrationFilter@6ac45c0c, org.springframework.security.web.context.SecurityContextPersistenceFilter@51e7589f, org.springframework.security.web.header.HeaderWriterFilter@cdb3c85, org.springframework.security.web.authentication.logout.LogoutFilter@4ffced4e, org.springframework.security.web.authentication.UsernamePasswordAuthenticationFilter@4a2bf50f, org.springframework.security.web.authentication.www.BasicAuthenticationFilter@7ac48e10, org.springframework.security.web.savedrequest.RequestCacheAwareFilter@42c12b3e, org.springframework.security.web.servletapi.SecurityContextHolderAwareRequestFilter@252ec02e, org.springframework.security.web.authentication.AnonymousAuthenticationFilter@12192604, org.springframework.security.web.session.SessionManagementFilter@33d28f0a, org.springframework.security.web.access.ExceptionTranslationFilter@2fd9fb34, org.springframework.security.web.access.intercept.FilterSecurityInterceptor@2725ca05]
2021-05-27 07:35:20 [main] INFO  o.s.s.c.ThreadPoolTaskExecutor - Initializing ExecutorService 'applicationTaskExecutor'
2021-05-27 07:35:20 [main] INFO  o.s.b.a.w.s.WelcomePageHandlerMapping - Adding welcome page: class path resource [static/index.html]
2021-05-27 07:35:21 [main] INFO  o.s.s.c.ThreadPoolTaskScheduler - Initializing ExecutorService 'taskScheduler'
2021-05-27 07:35:21 [main] INFO  o.s.b.w.e.tomcat.TomcatWebServer - Tomcat started on port(s): 8080 (http) with context path ''
2021-05-27 07:35:21 [main] INFO  s.d.s.w.p.DocumentationPluginsBootstrapper - Context refreshed
2021-05-27 07:35:21 [main] INFO  s.d.s.w.p.DocumentationPluginsBootstrapper - Found 1 custom documentation plugin(s)
2021-05-27 07:35:21 [main] INFO  s.d.s.w.s.ApiListingReferenceScanner - Scanning for api listing references
2021-05-27 07:35:21 [main] INFO  s.d.s.w.r.o.CachingOperationNameGenerator - Generating unique operation named: deleteUsingGET_1
2021-05-27 07:35:21 [main] INFO  s.d.s.w.r.o.CachingOperationNameGenerator - Generating unique operation named: getAllUsingGET_1
2021-05-27 07:35:21 [main] INFO  s.d.s.w.r.o.CachingOperationNameGenerator - Generating unique operation named: getByIdUsingGET_1
2021-05-27 07:35:21 [main] INFO  s.d.s.w.r.o.CachingOperationNameGenerator - Generating unique operation named: saveUsingPOST_1
2021-05-27 07:35:21 [main] INFO  s.d.s.w.r.o.CachingOperationNameGenerator - Generating unique operation named: deleteUsingGET_2
2021-05-27 07:35:21 [main] INFO  s.d.s.w.r.o.CachingOperationNameGenerator - Generating unique operation named: getAllUsingGET_2
2021-05-27 07:35:21 [main] INFO  s.d.s.w.r.o.CachingOperationNameGenerator - Generating unique operation named: getByIdUsingGET_2
2021-05-27 07:35:21 [main] INFO  s.d.s.w.r.o.CachingOperationNameGenerator - Generating unique operation named: saveUsingPOST_2
2021-05-27 07:35:21 [main] INFO  s.d.s.w.r.o.CachingOperationNameGenerator - Generating unique operation named: deleteUsingGET_3
2021-05-27 07:35:21 [main] INFO  s.d.s.w.r.o.CachingOperationNameGenerator - Generating unique operation named: getAllUsingGET_3
2021-05-27 07:35:21 [main] INFO  s.d.s.w.r.o.CachingOperationNameGenerator - Generating unique operation named: getByIdUsingGET_3
2021-05-27 07:35:21 [main] INFO  s.d.s.w.r.o.CachingOperationNameGenerator - Generating unique operation named: saveUsingPOST_3
2021-05-27 07:35:21 [main] INFO  s.d.s.w.r.o.CachingOperationNameGenerator - Generating unique operation named: deleteUsingGET_4
2021-05-27 07:35:21 [main] INFO  s.d.s.w.r.o.CachingOperationNameGenerator - Generating unique operation named: getAllUsingGET_4
2021-05-27 07:35:21 [main] INFO  s.d.s.w.r.o.CachingOperationNameGenerator - Generating unique operation named: getByIdUsingGET_4
2021-05-27 07:35:21 [main] INFO  s.d.s.w.r.o.CachingOperationNameGenerator - Generating unique operation named: saveUsingPOST_4
2021-05-27 07:35:21 [main] INFO  s.d.s.w.r.o.CachingOperationNameGenerator - Generating unique operation named: deleteUsingGET_5
2021-05-27 07:35:21 [main] INFO  s.d.s.w.r.o.CachingOperationNameGenerator - Generating unique operation named: getAllUsingGET_5
2021-05-27 07:35:21 [main] INFO  s.d.s.w.r.o.CachingOperationNameGenerator - Generating unique operation named: getByIdUsingGET_5
2021-05-27 07:35:21 [main] INFO  s.d.s.w.r.o.CachingOperationNameGenerator - Generating unique operation named: saveUsingPOST_5
2021-05-27 07:35:21 [main] INFO  s.d.s.w.r.o.CachingOperationNameGenerator - Generating unique operation named: deleteUsingGET_6
2021-05-27 07:35:21 [main] INFO  s.d.s.w.r.o.CachingOperationNameGenerator - Generating unique operation named: getByIdUsingGET_6
2021-05-27 07:35:21 [main] INFO  s.d.s.w.r.o.CachingOperationNameGenerator - Generating unique operation named: deleteUsingGET_7
2021-05-27 07:35:21 [main] INFO  s.d.s.w.r.o.CachingOperationNameGenerator - Generating unique operation named: getAllUsingGET_6
2021-05-27 07:35:21 [main] INFO  s.d.s.w.r.o.CachingOperationNameGenerator - Generating unique operation named: getByIdUsingGET_7
2021-05-27 07:35:21 [main] INFO  s.d.s.w.r.o.CachingOperationNameGenerator - Generating unique operation named: saveUsingPOST_6
2021-05-27 07:35:21 [main] INFO  s.d.s.w.r.o.CachingOperationNameGenerator - Generating unique operation named: deleteUsingGET_8
2021-05-27 07:35:21 [main] INFO  s.d.s.w.r.o.CachingOperationNameGenerator - Generating unique operation named: getAllUsingGET_7
2021-05-27 07:35:21 [main] INFO  s.d.s.w.r.o.CachingOperationNameGenerator - Generating unique operation named: getByIdUsingGET_8
2021-05-27 07:35:21 [main] INFO  s.d.s.w.r.o.CachingOperationNameGenerator - Generating unique operation named: saveUsingPOST_7
2021-05-27 07:35:21 [main] INFO  s.d.s.w.r.o.CachingOperationNameGenerator - Generating unique operation named: deleteUsingGET_9
2021-05-27 07:35:21 [main] INFO  s.d.s.w.r.o.CachingOperationNameGenerator - Generating unique operation named: getAllUsingGET_8
2021-05-27 07:35:21 [main] INFO  s.d.s.w.r.o.CachingOperationNameGenerator - Generating unique operation named: getByIdUsingGET_9
2021-05-27 07:35:21 [main] INFO  s.d.s.w.r.o.CachingOperationNameGenerator - Generating unique operation named: saveUsingPOST_8
2021-05-27 07:35:21 [main] INFO  s.d.s.w.r.o.CachingOperationNameGenerator - Generating unique operation named: deleteUsingGET_10
2021-05-27 07:35:21 [main] INFO  s.d.s.w.r.o.CachingOperationNameGenerator - Generating unique operation named: getAllUsingGET_9
2021-05-27 07:35:21 [main] INFO  s.d.s.w.r.o.CachingOperationNameGenerator - Generating unique operation named: getByIdUsingGET_10
2021-05-27 07:35:21 [main] INFO  s.d.s.w.r.o.CachingOperationNameGenerator - Generating unique operation named: saveUsingPOST_9
2021-05-27 07:35:21 [main] INFO  s.d.s.w.r.o.CachingOperationNameGenerator - Generating unique operation named: deleteUsingGET_11
2021-05-27 07:35:21 [main] INFO  s.d.s.w.r.o.CachingOperationNameGenerator - Generating unique operation named: getAllUsingGET_10
2021-05-27 07:35:21 [main] INFO  s.d.s.w.r.o.CachingOperationNameGenerator - Generating unique operation named: getByIdUsingGET_11
2021-05-27 07:35:21 [main] INFO  s.d.s.w.r.o.CachingOperationNameGenerator - Generating unique operation named: saveUsingPOST_10
2021-05-27 07:35:21 [main] INFO  s.d.s.w.r.o.CachingOperationNameGenerator - Generating unique operation named: deleteUsingGET_12
2021-05-27 07:35:21 [main] INFO  s.d.s.w.r.o.CachingOperationNameGenerator - Generating unique operation named: getAllUsingGET_11
2021-05-27 07:35:21 [main] INFO  s.d.s.w.r.o.CachingOperationNameGenerator - Generating unique operation named: getByIdUsingGET_12
2021-05-27 07:35:21 [main] INFO  s.d.s.w.r.o.CachingOperationNameGenerator - Generating unique operation named: saveUsingPOST_11
2021-05-27 07:35:21 [main] INFO  s.d.s.w.r.o.CachingOperationNameGenerator - Generating unique operation named: deleteUsingGET_13
2021-05-27 07:35:21 [main] INFO  s.d.s.w.r.o.CachingOperationNameGenerator - Generating unique operation named: getAllUsingGET_12
2021-05-27 07:35:21 [main] INFO  s.d.s.w.r.o.CachingOperationNameGenerator - Generating unique operation named: getByIdUsingGET_13
2021-05-27 07:35:21 [main] INFO  s.d.s.w.r.o.CachingOperationNameGenerator - Generating unique operation named: saveUsingPOST_12
2021-05-27 07:35:21 [main] INFO  s.d.s.w.r.o.CachingOperationNameGenerator - Generating unique operation named: createUsingPOST_1
2021-05-27 07:35:21 [main] INFO  s.d.s.w.r.o.CachingOperationNameGenerator - Generating unique operation named: deleteUsingGET_14
2021-05-27 07:35:21 [main] INFO  s.d.s.w.r.o.CachingOperationNameGenerator - Generating unique operation named: getByIdUsingGET_14
2021-05-27 07:35:21 [main] INFO  s.d.s.w.r.o.CachingOperationNameGenerator - Generating unique operation named: getServicesUsingGET_1
2021-05-27 07:35:21 [main] INFO  s.d.s.w.r.o.CachingOperationNameGenerator - Generating unique operation named: updateUsingPOST_1
2021-05-27 07:35:21 [main] INFO  s.d.s.w.r.o.CachingOperationNameGenerator - Generating unique operation named: deleteUsingGET_15
2021-05-27 07:35:21 [main] INFO  s.d.s.w.r.o.CachingOperationNameGenerator - Generating unique operation named: getAllUsingGET_13
2021-05-27 07:35:21 [main] INFO  s.d.s.w.r.o.CachingOperationNameGenerator - Generating unique operation named: getByIdUsingGET_15
2021-05-27 07:35:21 [main] INFO  s.d.s.w.r.o.CachingOperationNameGenerator - Generating unique operation named: saveUsingPOST_13
2021-05-27 07:35:21 [main] INFO  s.d.s.w.r.o.CachingOperationNameGenerator - Generating unique operation named: deleteUsingGET_16
2021-05-27 07:35:21 [main] INFO  s.d.s.w.r.o.CachingOperationNameGenerator - Generating unique operation named: getAllUsingGET_14
2021-05-27 07:35:21 [main] INFO  s.d.s.w.r.o.CachingOperationNameGenerator - Generating unique operation named: getByIdUsingGET_16
2021-05-27 07:35:21 [main] INFO  s.d.s.w.r.o.CachingOperationNameGenerator - Generating unique operation named: saveUsingPOST_14
2021-05-27 07:35:21 [main] INFO  c.example.demo.CourseworkApplication - Started CourseworkApplication in 4.462 seconds (JVM running for 5.005)
2021-05-27 07:35:29 [http-nio-8080-exec-1] INFO  o.a.c.c.C.[Tomcat].[localhost].[/] - Initializing Spring DispatcherServlet 'dispatcherServlet'
2021-05-27 07:35:29 [http-nio-8080-exec-1] INFO  o.s.web.servlet.DispatcherServlet - Initializing Servlet 'dispatcherServlet'
2021-05-27 07:35:29 [http-nio-8080-exec-1] INFO  o.s.web.servlet.DispatcherServlet - Completed initialization in 1 ms
2021-05-27 07:35:39 [http-nio-8080-exec-9] INFO  c.e.d.s.t.i.TaxiOfficeServiceImpl - method get all for taxi office was called
2021-05-27 07:35:40 [http-nio-8080-exec-9] INFO  org.mongodb.driver.connection - Opened connection [connectionId{localValue:7, serverValue:12403}] to coursework-shard-00-01.kuhsy.mongodb.net:27017
2021-05-27 07:35:40 [http-nio-8080-exec-9] INFO  c.e.d.c.ui.TaxiOfficeUIController - method get all from ui controller for taxi office was called
2021-05-27 07:35:45 [http-nio-8080-exec-1] INFO  c.e.d.s.t.i.TaxiOfficeSalaryForDayServiceImpl - method get all was called
2021-05-27 07:35:50 [scheduling-1] INFO  c.e.d.s.d.i.DriverTimeTableServiceImpl - method get all was called
2021-05-27 07:35:50 [http-nio-8080-exec-2] INFO  c.e.d.s.t.i.TaxiOfficeSalaryForDayServiceImpl - method delete was called
2021-05-27 07:35:50 [http-nio-8080-exec-2] INFO  c.e.d.s.t.i.TaxiOfficeSalaryForDayServiceImpl - method get by id [60ae71e75758895ca6d65b99] was called
2021-05-27 07:35:50 [http-nio-8080-exec-2] INFO  c.e.d.s.t.i.TaxiOfficeSalaryForDayServiceImpl - object with id:[60ae71e75758895ca6d65b99] was deleted
2021-05-27 07:35:50 [scheduling-1] INFO  org.mongodb.driver.connection - Opened connection [connectionId{localValue:8, serverValue:12294}] to coursework-shard-00-01.kuhsy.mongodb.net:27017
2021-05-27 07:35:50 [http-nio-8080-exec-4] INFO  c.e.d.s.t.i.TaxiOfficeSalaryForDayServiceImpl - method get all was called
2021-05-27 07:35:51 [http-nio-8080-exec-3] INFO  c.e.d.s.t.i.TaxiOfficeSalaryForDayServiceImpl - method delete was called
2021-05-27 07:35:51 [http-nio-8080-exec-3] INFO  c.e.d.s.t.i.TaxiOfficeSalaryForDayServiceImpl - method get by id [60ae71e75758895ca6d65b9a] was called
2021-05-27 07:35:51 [http-nio-8080-exec-3] INFO  c.e.d.s.t.i.TaxiOfficeSalaryForDayServiceImpl - object with id:[60ae71e75758895ca6d65b9a] was deleted
2021-05-27 07:35:51 [http-nio-8080-exec-5] INFO  c.e.d.s.t.i.TaxiOfficeSalaryForDayServiceImpl - method get all was called
2021-05-27 07:35:52 [http-nio-8080-exec-6] INFO  c.e.d.s.t.i.TaxiOfficeSalaryForDayServiceImpl - method delete was called
2021-05-27 07:35:52 [http-nio-8080-exec-6] INFO  c.e.d.s.t.i.TaxiOfficeSalaryForDayServiceImpl - method get by id [60ae71e75758895ca6d65b97] was called
2021-05-27 07:35:52 [http-nio-8080-exec-6] INFO  c.e.d.s.t.i.TaxiOfficeSalaryForDayServiceImpl - object with id:[60ae71e75758895ca6d65b97] was deleted
2021-05-27 07:35:52 [http-nio-8080-exec-7] INFO  c.e.d.s.t.i.TaxiOfficeSalaryForDayServiceImpl - method get all was called
2021-05-27 07:35:53 [http-nio-8080-exec-8] INFO  c.e.d.s.t.i.TaxiOfficeSalaryForDayServiceImpl - method delete was called
2021-05-27 07:35:53 [http-nio-8080-exec-8] INFO  c.e.d.s.t.i.TaxiOfficeSalaryForDayServiceImpl - method get by id [60ae2c66e0309a034e9b14da] was called
2021-05-27 07:35:53 [http-nio-8080-exec-8] INFO  c.e.d.s.t.i.TaxiOfficeSalaryForDayServiceImpl - object with id:[60ae2c66e0309a034e9b14da] was deleted
2021-05-27 07:35:53 [http-nio-8080-exec-9] INFO  c.e.d.s.t.i.TaxiOfficeSalaryForDayServiceImpl - method get all was called
2021-05-27 07:35:58 [http-nio-8080-exec-10] INFO  c.e.d.s.d.i.DispatchServiceSalaryForDayServiceImpl - method get all was called
2021-05-27 07:36:00 [scheduling-1] INFO  c.e.d.s.d.i.DriverTimeTableServiceImpl - method get all was called
2021-05-27 07:36:14 [http-nio-8080-exec-1] INFO  c.e.d.s.d.i.DriverTimeTableServiceImpl - method get all was called
2021-05-27 07:36:18 [http-nio-8080-exec-2] INFO  c.e.d.s.d.impls.DriverServiceImpl - method get all was called
2021-05-27 07:36:18 [http-nio-8080-exec-2] INFO  c.e.d.s.d.i.DriverTimeTableServiceImpl - method get all was called
2021-05-27 07:36:18 [http-nio-8080-exec-2] INFO  c.e.d.s.d.i.DriverTimeTableServiceImpl - method get all was called
2021-05-27 07:36:18 [http-nio-8080-exec-2] INFO  c.e.d.s.d.i.DriverTimeTableServiceImpl - method get all was called
2021-05-27 07:36:18 [http-nio-8080-exec-2] INFO  c.e.d.s.d.i.DriverTimeTableServiceImpl - method get all was called
2021-05-27 07:36:18 [http-nio-8080-exec-2] INFO  c.e.d.s.d.i.DriverTimeTableServiceImpl - method get all was called
2021-05-27 07:36:18 [http-nio-8080-exec-2] INFO  c.e.d.s.d.i.DriverTimeTableServiceImpl - method get all was called
2021-05-27 07:36:34 [http-nio-8080-exec-3] INFO  c.e.d.s.d.impls.DriverServiceImpl - method get by id [6092936d301cee4c79df3d64] was called
2021-05-27 07:36:34 [http-nio-8080-exec-3] INFO  c.e.d.s.d.i.DriverTimeTableServiceImpl - method save was called 
2021-05-27 07:36:34 [http-nio-8080-exec-3] INFO  c.e.d.s.d.i.DriverTimeTableServiceImpl - method get all was called
2021-05-27 07:36:34 [http-nio-8080-exec-3] INFO  c.e.d.s.d.i.DriverTimeTableServiceImpl - object was created
2021-05-27 07:36:34 [http-nio-8080-exec-5] INFO  c.e.d.s.d.i.DriverTimeTableServiceImpl - method get all was called
2021-05-27 07:36:41 [http-nio-8080-exec-6] INFO  c.e.d.s.d.i.DriverTimeTableServiceImpl - method get all was called
2021-05-27 07:36:50 [scheduling-1] INFO  c.e.d.s.d.i.DriverTimeTableServiceImpl - method get all was called
2021-05-27 07:36:52 [http-nio-8080-exec-7] INFO  c.e.d.s.d.i.DriverTimeTableServiceImpl - method get all was called
2021-05-27 07:36:56 [http-nio-8080-exec-8] INFO  c.e.d.s.d.i.DriverTimeTableServiceImpl - method get all was called
2021-05-27 07:37:00 [scheduling-1] INFO  c.e.d.s.d.i.DriverTimeTableServiceImpl - method get all was called
2021-05-27 07:37:50 [scheduling-1] INFO  c.e.d.s.d.i.DriverTimeTableServiceImpl - method get all was called
2021-05-27 07:38:00 [scheduling-1] INFO  c.e.d.s.d.i.DriverTimeTableServiceImpl - method get all was called
2021-05-27 07:38:50 [scheduling-1] INFO  c.e.d.s.d.i.DriverTimeTableServiceImpl - method get all was called
2021-05-27 07:39:00 [scheduling-1] INFO  c.e.d.s.d.i.DriverTimeTableServiceImpl - method get all was called
2021-05-27 07:39:50 [scheduling-1] INFO  c.e.d.s.d.i.DriverTimeTableServiceImpl - method get all was called
2021-05-27 07:40:00 [scheduling-1] INFO  c.e.d.s.d.i.DriverTimeTableServiceImpl - method get all was called
2021-05-27 07:40:50 [scheduling-1] INFO  c.e.d.s.d.i.DriverTimeTableServiceImpl - method get all was called
2021-05-27 07:41:00 [scheduling-1] INFO  c.e.d.s.d.i.DriverTimeTableServiceImpl - method get all was called
2021-05-27 07:41:50 [scheduling-1] INFO  c.e.d.s.d.i.DriverTimeTableServiceImpl - method get all was called
2021-05-27 07:42:00 [scheduling-1] INFO  c.e.d.s.d.i.DriverTimeTableServiceImpl - method get all was called
2021-05-27 07:42:50 [scheduling-1] INFO  c.e.d.s.d.i.DriverTimeTableServiceImpl - method get all was called
2021-05-27 07:43:00 [scheduling-1] INFO  c.e.d.s.d.i.DriverTimeTableServiceImpl - method get all was called
2021-05-27 07:43:50 [scheduling-1] INFO  c.e.d.s.d.i.DriverTimeTableServiceImpl - method get all was called
2021-05-27 07:44:00 [scheduling-1] INFO  c.e.d.s.d.i.DriverTimeTableServiceImpl - method get all was called
2021-05-27 07:44:50 [scheduling-1] INFO  c.e.d.s.d.i.DriverTimeTableServiceImpl - method get all was called
2021-05-27 07:45:00 [scheduling-1] INFO  c.e.d.s.d.i.DriverTimeTableServiceImpl - method get all was called
2021-05-27 07:45:50 [scheduling-1] INFO  c.e.d.s.d.i.DriverTimeTableServiceImpl - method get all was called
2021-05-27 07:46:00 [scheduling-1] INFO  c.e.d.s.d.i.DriverTimeTableServiceImpl - method get all was called
2021-05-27 07:46:50 [scheduling-1] INFO  c.e.d.s.d.i.DriverTimeTableServiceImpl - method get all was called
2021-05-27 07:47:00 [scheduling-1] INFO  c.e.d.s.d.i.DriverTimeTableServiceImpl - method get all was called
2021-05-27 07:47:50 [scheduling-1] INFO  c.e.d.s.d.i.DriverTimeTableServiceImpl - method get all was called
2021-05-27 07:48:00 [scheduling-1] INFO  c.e.d.s.d.i.DriverTimeTableServiceImpl - method get all was called
2021-05-27 07:48:50 [scheduling-1] INFO  c.e.d.s.d.i.DriverTimeTableServiceImpl - method get all was called
2021-05-27 07:49:00 [scheduling-1] INFO  c.e.d.s.d.i.DriverTimeTableServiceImpl - method get all was called
2021-05-27 07:49:50 [scheduling-1] INFO  c.e.d.s.d.i.DriverTimeTableServiceImpl - method get all was called
2021-05-27 07:49:59 [http-nio-8080-exec-1] INFO  c.e.d.s.t.i.TaxiOfficeSalaryForDayServiceImpl - method get all was called
2021-05-27 07:50:00 [scheduling-1] INFO  c.e.d.s.d.i.DriverTimeTableServiceImpl - method get all was called
2021-05-27 07:50:50 [scheduling-1] INFO  c.e.d.s.d.i.DriverTimeTableServiceImpl - method get all was called
2021-05-27 07:51:00 [scheduling-1] INFO  c.e.d.s.d.i.DriverTimeTableServiceImpl - method get all was called
2021-05-27 07:51:50 [scheduling-1] INFO  c.e.d.s.d.i.DriverTimeTableServiceImpl - method get all was called
2021-05-27 07:52:00 [scheduling-1] INFO  c.e.d.s.d.i.DriverTimeTableServiceImpl - method get all was called
